<?xml version="1.0" encoding="UTF-8"?>
<testsuites>
    <testsuite errors="0" tests="7" failures="0" name="SIMPLE_ADA_TEST" id="1">

        <testcase name="&lt;&lt;COMPOUND&gt;&gt;.001" classname="GNAT.Ada_Tests_Branch.SIMPLE_ADA_TEST" time="0">
            
            <failure type="failure"/>

            <system-out>
FAIL 1 / 2  &#xA;&#xA;Execution Report:&#xA; Start of Test Case:   &lt;&lt;COMPOUND&gt;&gt;.001&#xA;&#xA;----------------------------------------------------------------------&#xA;-----                          Event 1                           -----&#xA;----------------------------------------------------------------------&#xA;----- &lt;&lt;COMPOUND&gt;&gt;.001 Slot 1 (PLACE_ORDER.Steak.EV) Iteration 1 -----&#xA;----------------------------------------------------------------------&#xA;   Calling UUT: MANAGER&#xA;     Subprogram: PLACE_ORDER&#xA;       TABLE (in    ) =&gt;  1&#xA;       SEAT (in    ) =&gt;  1&#xA;       ORDER (in out)&#xA;         ENTREE =&gt; STEAK&#xA;&#xA;&#xA;----------------------------------------------------------------------&#xA;-----                          Event 2                           -----&#xA;----------------------------------------------------------------------&#xA;   Stub called: DATABASE&#xA;     Subprogram: GET_TABLE_RECORD&#xA;&#xA;&#xA;----------------------------------------------------------------------&#xA;-----                          Event 3                           -----&#xA;----------------------------------------------------------------------&#xA;   Stub called: DATABASE&#xA;     Subprogram: UPDATE_TABLE_RECORD&#xA;       DATA (in    )&#xA;         CHECK_TOTAL =&gt;  14                                    &lt;match&gt;&#xA;&#xA;&#xA;----------------------------------------------------------------------&#xA;-----                          Event 4                           -----&#xA;----------------------------------------------------------------------&#xA;   Returned from UUT: MANAGER&#xA;     Subprogram: PLACE_ORDER&#xA;       TABLE (in    ) =&gt;  1&#xA;       SEAT (in    ) =&gt;  1&#xA;       ORDER (in out)&#xA;         ENTREE =&gt; STEAK&#xA;&#xA;&#xA;&#xA;----------------------------------------------------------------------&#xA;-----                          Event 5                           -----&#xA;----------------------------------------------------------------------&#xA;-----&lt;&lt;COMPOUND&gt;&gt;.001 Slot 2 (PLACE_ORDER.Steak.NoEV) Iteration 1-----&#xA;----------------------------------------------------------------------&#xA;   Calling UUT: MANAGER&#xA;     Subprogram: PLACE_ORDER&#xA;       TABLE (in    ) =&gt;  1&#xA;       SEAT (in    ) =&gt;  1&#xA;       ORDER (in out)&#xA;         ENTREE =&gt; STEAK&#xA;&#xA;&#xA;----------------------------------------------------------------------&#xA;-----                          Event 6                           -----&#xA;----------------------------------------------------------------------&#xA;   Stub called: DATABASE&#xA;     Subprogram: GET_TABLE_RECORD&#xA;&#xA;&#xA;----------------------------------------------------------------------&#xA;-----                          Event 7                           -----&#xA;----------------------------------------------------------------------&#xA;   Stub called: DATABASE&#xA;     Subprogram: UPDATE_TABLE_RECORD&#xA;&#xA;&#xA;----------------------------------------------------------------------&#xA;-----                          Event 8                           -----&#xA;----------------------------------------------------------------------&#xA;   Returned from UUT: MANAGER&#xA;     Subprogram: PLACE_ORDER&#xA;       TABLE (in    ) =&gt;  1&#xA;       SEAT (in    ) =&gt;  1&#xA;       ORDER (in out)&#xA;         ENTREE =&gt; STEAK&#xA;&#xA;&#xA;&#xA;----------------------------------------------------------------------&#xA;-----                          Event 9                           -----&#xA;----------------------------------------------------------------------&#xA;----- &lt;&lt;COMPOUND&gt;&gt;.001 Slot 3 (PLACE_ORDER.Steak.CF) Iteration 1 -----&#xA;----------------------------------------------------------------------&#xA;   Calling UUT: MANAGER&#xA;     Subprogram: PLACE_ORDER&#xA;       TABLE (in    ) =&gt;  1&#xA;       SEAT (in    ) =&gt;  1&#xA;       ORDER (in out)&#xA;         ENTREE =&gt; STEAK&#xA;&#xA;&#xA;----------------------------------------------------------------------&#xA;-----                          Event 10                          -----&#xA;----------------------------------------------------------------------&#xA;   Stub called: DATABASE&#xA;     Subprogram: GET_TABLE_RECORD&#xA;&#xA;&#xA;----------------------------------------------------------------------&#xA;-----                          Event 11                          -----&#xA;----------------------------------------------------------------------&#xA;   Stub called: DATABASE&#xA;     Subprogram: UPDATE_TABLE_RECORD&#xA;&#xA;&#xA;----------------------------------------------------------------------&#xA;-----                          Event 12                          -----&#xA;----------------------------------------------------------------------&#xA;   Returned from UUT: MANAGER&#xA;     Subprogram: PLACE_ORDER&#xA;       TABLE (in    ) =&gt;  1&#xA;       SEAT (in    ) =&gt;  1&#xA;       ORDER (in out)&#xA;         ENTREE =&gt; STEAK&#xA;&#xA;&#xA;&#xA;----------------------------------------------------------------------&#xA;-----                          Event 13                          -----&#xA;----------------------------------------------------------------------&#xA;-----&lt;&lt;COMPOUND&gt;&gt;.001 Slot 4 (PLACE_ORDER.Steak.BadEV) Iteration 1-----&#xA;----------------------------------------------------------------------&#xA;   Calling UUT: MANAGER&#xA;     Subprogram: PLACE_ORDER&#xA;       TABLE (in    ) =&gt;  1&#xA;       SEAT (in    ) =&gt;  1&#xA;       ORDER (in out)&#xA;         ENTREE =&gt; STEAK&#xA;&#xA;&#xA;----------------------------------------------------------------------&#xA;-----                          Event 14                          -----&#xA;----------------------------------------------------------------------&#xA;   Stub called: DATABASE&#xA;     Subprogram: GET_TABLE_RECORD&#xA;&#xA;&#xA;----------------------------------------------------------------------&#xA;-----                          Event 15                          -----&#xA;----------------------------------------------------------------------&#xA;   Stub called: DATABASE&#xA;     Subprogram: UPDATE_TABLE_RECORD&#xA;       DATA (in    )&#xA;         CHECK_TOTAL =&gt;  14                                       [15]&#xA;&#xA;&#xA;----------------------------------------------------------------------&#xA;-----                          Event 16                          -----&#xA;----------------------------------------------------------------------&#xA;   Returned from UUT: MANAGER&#xA;     Subprogram: PLACE_ORDER&#xA;       TABLE (in    ) =&gt;  1&#xA;       SEAT (in    ) =&gt;  1&#xA;       ORDER (in out)&#xA;         ENTREE =&gt; STEAK&#xA;&#xA;&#xA;&#xA;----------------------------------------------------------------------&#xA;-----                          Event 17                          -----&#xA;----------------------------------------------------------------------&#xA;-----&lt;&lt;COMPOUND&gt;&gt;.001 Slot 5 (PLACE_ORDER.Steak.BadCF) Iteration 1-----&#xA;----------------------------------------------------------------------&#xA;   Calling UUT: MANAGER&#xA;     Subprogram: PLACE_ORDER&#xA;       TABLE (in    ) =&gt;  1&#xA;       SEAT (in    ) =&gt;  1&#xA;       ORDER (in out)&#xA;         ENTREE =&gt; STEAK&#xA;&#xA;&#xA;----------------------------------------------------------------------&#xA;-----                          Event 18                          -----&#xA;----------------------------------------------------------------------&#xA;   Stub called: DATABASE&#xA;     Subprogram: GET_TABLE_RECORD&#xA;&#xA;&#xA;----------------------------------------------------------------------&#xA;-----                          Event 19                          -----&#xA;----------------------------------------------------------------------&#xA;   Stub called: DATABASE&#xA;     Subprogram: UPDATE_TABLE_RECORD&#xA;&#xA;&#xA;----------------------------------------------------------------------&#xA;-----                          Event 20                          -----&#xA;----------------------------------------------------------------------&#xA;   Returned from UUT: MANAGER&#xA;     Subprogram: PLACE_ORDER&#xA;       TABLE (in    ) =&gt;  1&#xA;       SEAT (in    ) =&gt;  1&#xA;       ORDER (in out)&#xA;         ENTREE =&gt; STEAK&#xA;&#xA;&#xA;   UUT Returned control to Driver ...&#xA;&#xA;End of Test Case&#xA;&#xA;&#xA;&#xA;Expected Results matched 50%                          ( 1 / 2 )   FAIL&#xA;Test Status                                                       FAIL&#xA;&#xA;                     
            </system-out>
        </testcase>

        <testcase name="&lt;&lt;COMPOUND&gt;&gt;.002" classname="GNAT.Ada_Tests_Branch.SIMPLE_ADA_TEST" time="0">
            
            <system-out>
PASS 1 / 1  &#xA;&#xA;Execution Report:&#xA; Start of Test Case:   &lt;&lt;COMPOUND&gt;&gt;.002&#xA;&#xA;----------------------------------------------------------------------&#xA;-----                          Event 1                           -----&#xA;----------------------------------------------------------------------&#xA;----- &lt;&lt;COMPOUND&gt;&gt;.002 Slot 1 (PLACE_ORDER.Steak.EV) Iteration 1 -----&#xA;----------------------------------------------------------------------&#xA;   Calling UUT: MANAGER&#xA;     Subprogram: PLACE_ORDER&#xA;       TABLE (in    ) =&gt;  1&#xA;       SEAT (in    ) =&gt;  1&#xA;       ORDER (in out)&#xA;         ENTREE =&gt; STEAK&#xA;&#xA;&#xA;----------------------------------------------------------------------&#xA;-----                          Event 2                           -----&#xA;----------------------------------------------------------------------&#xA;   Stub called: DATABASE&#xA;     Subprogram: GET_TABLE_RECORD&#xA;&#xA;&#xA;----------------------------------------------------------------------&#xA;-----                          Event 3                           -----&#xA;----------------------------------------------------------------------&#xA;   Stub called: DATABASE&#xA;     Subprogram: UPDATE_TABLE_RECORD&#xA;       DATA (in    )&#xA;         CHECK_TOTAL =&gt;  14                                    &lt;match&gt;&#xA;&#xA;&#xA;----------------------------------------------------------------------&#xA;-----                          Event 4                           -----&#xA;----------------------------------------------------------------------&#xA;   Returned from UUT: MANAGER&#xA;     Subprogram: PLACE_ORDER&#xA;       TABLE (in    ) =&gt;  1&#xA;       SEAT (in    ) =&gt;  1&#xA;       ORDER (in out)&#xA;         ENTREE =&gt; STEAK&#xA;&#xA;&#xA;&#xA;----------------------------------------------------------------------&#xA;-----                          Event 5                           -----&#xA;----------------------------------------------------------------------&#xA;----- &lt;&lt;COMPOUND&gt;&gt;.002 Slot 2 (PLACE_ORDER.Steak.CF) Iteration 1 -----&#xA;----------------------------------------------------------------------&#xA;   Calling UUT: MANAGER&#xA;     Subprogram: PLACE_ORDER&#xA;       TABLE (in    ) =&gt;  1&#xA;       SEAT (in    ) =&gt;  1&#xA;       ORDER (in out)&#xA;         ENTREE =&gt; STEAK&#xA;&#xA;&#xA;----------------------------------------------------------------------&#xA;-----                          Event 6                           -----&#xA;----------------------------------------------------------------------&#xA;   Stub called: DATABASE&#xA;     Subprogram: GET_TABLE_RECORD&#xA;&#xA;&#xA;----------------------------------------------------------------------&#xA;-----                          Event 7                           -----&#xA;----------------------------------------------------------------------&#xA;   Stub called: DATABASE&#xA;     Subprogram: UPDATE_TABLE_RECORD&#xA;&#xA;&#xA;----------------------------------------------------------------------&#xA;-----                          Event 8                           -----&#xA;----------------------------------------------------------------------&#xA;   Returned from UUT: MANAGER&#xA;     Subprogram: PLACE_ORDER&#xA;       TABLE (in    ) =&gt;  1&#xA;       SEAT (in    ) =&gt;  1&#xA;       ORDER (in out)&#xA;         ENTREE =&gt; STEAK&#xA;&#xA;&#xA;   UUT Returned control to Driver ...&#xA;&#xA;End of Test Case&#xA;&#xA;&#xA;&#xA;Expected Results matched 100%                         ( 1 / 1 )   PASS&#xA;Test Status                                                       PASS&#xA;&#xA;                     
            </system-out>
        </testcase>

        <testcase name="&lt;&lt;INIT&gt;&gt;.001" classname="GNAT.Ada_Tests_Branch.SIMPLE_ADA_TEST" time="0">
            
            <system-out>
PASS 0 / 0  &#xA;&#xA;Execution Report:&#xA; Start of Test Case:   &lt;&lt;INIT&gt;&gt;.001&#xA;&#xA;----------------------------------------------------------------------&#xA;-----                          Event 1                           -----&#xA;----------------------------------------------------------------------&#xA;   Calling UUT: MANAGER&#xA;     Subprogram: &lt;&lt;INIT&gt;&gt;&#xA;&#xA;&#xA;----------------------------------------------------------------------&#xA;-----                          Event 2                           -----&#xA;----------------------------------------------------------------------&#xA;   Returned from UUT: MANAGER&#xA;     Subprogram: &lt;&lt;INIT&gt;&gt;&#xA;&#xA;&#xA;   UUT Returned control to Driver ...&#xA;&#xA;End of Test Case&#xA;&#xA;&#xA;&#xA;Test Status                                                       PASS&#xA;&#xA;                     
            </system-out>
        </testcase>

        <testcase name="PLACE_ORDER.Steak.BadCF" classname="GNAT.Ada_Tests_Branch.SIMPLE_ADA_TEST" time="0">
            
            <failure type="failure"/>

            <system-out>
FAIL 0 / 0  &#xA;&#xA;Execution Report:&#xA; Start of Test Case:   PLACE_ORDER.Steak.BadCF&#xA;&#xA;----------------------------------------------------------------------&#xA;-----                          Event 1                           -----&#xA;----------------------------------------------------------------------&#xA;   Calling UUT: MANAGER&#xA;     Subprogram: PLACE_ORDER&#xA;       TABLE (in    ) =&gt;  1&#xA;       SEAT (in    ) =&gt;  1&#xA;       ORDER (in out)&#xA;         ENTREE =&gt; STEAK&#xA;   CONTROL FLOW =&gt;                                             &lt;match&gt;&#xA;&#xA;&#xA;----------------------------------------------------------------------&#xA;-----                          Event 2                           -----&#xA;----------------------------------------------------------------------&#xA;   Stub called: DATABASE&#xA;     Subprogram: GET_TABLE_RECORD&#xA;   CONTROL FLOW =&gt;                    [ MANAGER.ADD_INCLUDED_DESSERT ]&#xA;&#xA;&#xA;----------------------------------------------------------------------&#xA;-----                          Event 3                           -----&#xA;----------------------------------------------------------------------&#xA;   Stub called: DATABASE&#xA;     Subprogram: UPDATE_TABLE_RECORD&#xA;   CONTROL FLOW =&gt;                       [ DATABASE.GET_TABLE_RECORD ]&#xA;&#xA;&#xA;----------------------------------------------------------------------&#xA;-----                          Event 4                           -----&#xA;----------------------------------------------------------------------&#xA;   Returned from UUT: MANAGER&#xA;     Subprogram: PLACE_ORDER&#xA;       TABLE (in    ) =&gt;  1&#xA;       SEAT (in    ) =&gt;  1&#xA;       ORDER (in out)&#xA;         ENTREE =&gt; STEAK&#xA;   CONTROL FLOW =&gt;                    [ DATABASE.UPDATE_TABLE_RECORD ]&#xA;&#xA;&#xA;   UUT Returned control to Driver ...&#xA;&#xA;End of Test Case&#xA;&#xA;&#xA;----------------------------------------------------------------------&#xA;-----                Missing Control Flow Events                 -----&#xA;----------------------------------------------------------------------&#xA;--------------------------------------------------------------------------------&#xA;Missing Event&#xA;--------------------------------------------------------------------------------&#xA;MANAGER.PLACE_ORDER&#xA;&#xA;&#xA;&#xA;&#xA;Control Flow                                          ( 1 / 5 )   FAIL&#xA;Test Status                                                       FAIL&#xA;&#xA;                     
            </system-out>
        </testcase>

        <testcase name="PLACE_ORDER.Steak.BadEV" classname="GNAT.Ada_Tests_Branch.SIMPLE_ADA_TEST" time="0">
            
            <failure type="failure"/>

            <system-out>
FAIL 0 / 1  &#xA;&#xA;Execution Report:&#xA; Start of Test Case:   PLACE_ORDER.Steak.BadEV&#xA;&#xA;----------------------------------------------------------------------&#xA;-----                          Event 1                           -----&#xA;----------------------------------------------------------------------&#xA;   Calling UUT: MANAGER&#xA;     Subprogram: PLACE_ORDER&#xA;       TABLE (in    ) =&gt;  1&#xA;       SEAT (in    ) =&gt;  1&#xA;       ORDER (in out)&#xA;         ENTREE =&gt; STEAK&#xA;&#xA;&#xA;----------------------------------------------------------------------&#xA;-----                          Event 2                           -----&#xA;----------------------------------------------------------------------&#xA;   Stub called: DATABASE&#xA;     Subprogram: GET_TABLE_RECORD&#xA;&#xA;&#xA;----------------------------------------------------------------------&#xA;-----                          Event 3                           -----&#xA;----------------------------------------------------------------------&#xA;   Stub called: DATABASE&#xA;     Subprogram: UPDATE_TABLE_RECORD&#xA;       DATA (in    )&#xA;         CHECK_TOTAL =&gt;  14                                       [15]&#xA;&#xA;&#xA;----------------------------------------------------------------------&#xA;-----                          Event 4                           -----&#xA;----------------------------------------------------------------------&#xA;   Returned from UUT: MANAGER&#xA;     Subprogram: PLACE_ORDER&#xA;       TABLE (in    ) =&gt;  1&#xA;       SEAT (in    ) =&gt;  1&#xA;       ORDER (in out)&#xA;         ENTREE =&gt; STEAK&#xA;&#xA;&#xA;   UUT Returned control to Driver ...&#xA;&#xA;End of Test Case&#xA;&#xA;&#xA;&#xA;Expected Results matched 0%                           ( 0 / 1 )   FAIL&#xA;Test Status                                                       FAIL&#xA;&#xA;                     
            </system-out>
        </testcase>

        <testcase name="PLACE_ORDER.Steak.CF" classname="GNAT.Ada_Tests_Branch.SIMPLE_ADA_TEST" time="0">
            
            <system-out>
PASS 0 / 0  &#xA;&#xA;Execution Report:&#xA; Start of Test Case:   PLACE_ORDER.Steak.CF&#xA;&#xA;----------------------------------------------------------------------&#xA;-----                          Event 1                           -----&#xA;----------------------------------------------------------------------&#xA;   Calling UUT: MANAGER&#xA;     Subprogram: PLACE_ORDER&#xA;       TABLE (in    ) =&gt;  1&#xA;       SEAT (in    ) =&gt;  1&#xA;       ORDER (in out)&#xA;         ENTREE =&gt; STEAK&#xA;   CONTROL FLOW =&gt;                                             &lt;match&gt;&#xA;&#xA;&#xA;----------------------------------------------------------------------&#xA;-----                          Event 2                           -----&#xA;----------------------------------------------------------------------&#xA;   Stub called: DATABASE&#xA;     Subprogram: GET_TABLE_RECORD&#xA;   CONTROL FLOW =&gt;                                             &lt;match&gt;&#xA;&#xA;&#xA;----------------------------------------------------------------------&#xA;-----                          Event 3                           -----&#xA;----------------------------------------------------------------------&#xA;   Stub called: DATABASE&#xA;     Subprogram: UPDATE_TABLE_RECORD&#xA;   CONTROL FLOW =&gt;                                             &lt;match&gt;&#xA;&#xA;&#xA;----------------------------------------------------------------------&#xA;-----                          Event 4                           -----&#xA;----------------------------------------------------------------------&#xA;   Returned from UUT: MANAGER&#xA;     Subprogram: PLACE_ORDER&#xA;       TABLE (in    ) =&gt;  1&#xA;       SEAT (in    ) =&gt;  1&#xA;       ORDER (in out)&#xA;         ENTREE =&gt; STEAK&#xA;   CONTROL FLOW =&gt;                                             &lt;match&gt;&#xA;&#xA;&#xA;   UUT Returned control to Driver ...&#xA;&#xA;End of Test Case&#xA;&#xA;&#xA;&#xA;Control Flow                                          ( 4 / 4 )   PASS&#xA;Test Status                                                       PASS&#xA;&#xA;                     
            </system-out>
        </testcase>

        <testcase name="PLACE_ORDER.Steak.EV" classname="GNAT.Ada_Tests_Branch.SIMPLE_ADA_TEST" time="0">
            
            <system-out>
PASS 1 / 1  &#xA;&#xA;Execution Report:&#xA; Start of Test Case:   PLACE_ORDER.Steak.EV&#xA;&#xA;----------------------------------------------------------------------&#xA;-----                          Event 1                           -----&#xA;----------------------------------------------------------------------&#xA;   Calling UUT: MANAGER&#xA;     Subprogram: PLACE_ORDER&#xA;       TABLE (in    ) =&gt;  1&#xA;       SEAT (in    ) =&gt;  1&#xA;       ORDER (in out)&#xA;         ENTREE =&gt; STEAK&#xA;&#xA;&#xA;----------------------------------------------------------------------&#xA;-----                          Event 2                           -----&#xA;----------------------------------------------------------------------&#xA;   Stub called: DATABASE&#xA;     Subprogram: GET_TABLE_RECORD&#xA;&#xA;&#xA;----------------------------------------------------------------------&#xA;-----                          Event 3                           -----&#xA;----------------------------------------------------------------------&#xA;   Stub called: DATABASE&#xA;     Subprogram: UPDATE_TABLE_RECORD&#xA;       DATA (in    )&#xA;         CHECK_TOTAL =&gt;  14                                    &lt;match&gt;&#xA;&#xA;&#xA;----------------------------------------------------------------------&#xA;-----                          Event 4                           -----&#xA;----------------------------------------------------------------------&#xA;   Returned from UUT: MANAGER&#xA;     Subprogram: PLACE_ORDER&#xA;       TABLE (in    ) =&gt;  1&#xA;       SEAT (in    ) =&gt;  1&#xA;       ORDER (in out)&#xA;         ENTREE =&gt; STEAK&#xA;&#xA;&#xA;   UUT Returned control to Driver ...&#xA;&#xA;End of Test Case&#xA;&#xA;&#xA;&#xA;Expected Results matched 100%                         ( 1 / 1 )   PASS&#xA;Test Status                                                       PASS&#xA;&#xA;                     
            </system-out>
        </testcase>

        <testcase name="PLACE_ORDER.Steak.NoEV" classname="GNAT.Ada_Tests_Branch.SIMPLE_ADA_TEST" time="0">
            
            <system-out>
PASS 0 / 0  &#xA;&#xA;Execution Report:&#xA; Start of Test Case:   PLACE_ORDER.Steak.NoEV&#xA;&#xA;----------------------------------------------------------------------&#xA;-----                          Event 1                           -----&#xA;----------------------------------------------------------------------&#xA;   Calling UUT: MANAGER&#xA;     Subprogram: PLACE_ORDER&#xA;       TABLE (in    ) =&gt;  1&#xA;       SEAT (in    ) =&gt;  1&#xA;       ORDER (in out)&#xA;         ENTREE =&gt; STEAK&#xA;&#xA;&#xA;----------------------------------------------------------------------&#xA;-----                          Event 2                           -----&#xA;----------------------------------------------------------------------&#xA;   Stub called: DATABASE&#xA;     Subprogram: GET_TABLE_RECORD&#xA;&#xA;&#xA;----------------------------------------------------------------------&#xA;-----                          Event 3                           -----&#xA;----------------------------------------------------------------------&#xA;   Stub called: DATABASE&#xA;     Subprogram: UPDATE_TABLE_RECORD&#xA;&#xA;&#xA;----------------------------------------------------------------------&#xA;-----                          Event 4                           -----&#xA;----------------------------------------------------------------------&#xA;   Returned from UUT: MANAGER&#xA;     Subprogram: PLACE_ORDER&#xA;       TABLE (in    ) =&gt;  1&#xA;       SEAT (in    ) =&gt;  1&#xA;       ORDER (in out)&#xA;         ENTREE =&gt; STEAK&#xA;&#xA;&#xA;   UUT Returned control to Driver ...&#xA;&#xA;End of Test Case&#xA;&#xA;&#xA;&#xA;Test Status                                                       PASS&#xA;&#xA;                     
            </system-out>
        </testcase>

        <testcase name="+.001" classname="GNAT.Ada_Tests_Branch.SIMPLE_ADA_TEST" time="0">
            
            <system-out>
PASS 1 / 1  &#xA;&#xA;Execution Report:&#xA; Start of Test Case:   +.001&#xA;&#xA;----------------------------------------------------------------------&#xA;-----                          Event 1                           -----&#xA;----------------------------------------------------------------------&#xA;   Calling UUT: MANAGER&#xA;     Subprogram: -&#xA;       X (in    ) =&gt;  1&#xA;       Y (in    ) =&gt;  2&#xA;       return =&gt;  0&#xA;&#xA;&#xA;----------------------------------------------------------------------&#xA;-----                          Event 2                           -----&#xA;----------------------------------------------------------------------&#xA;   Returned from UUT: MANAGER&#xA;     Subprogram: -&#xA;       X (in    ) =&gt;  1&#xA;       Y (in    ) =&gt;  2&#xA;       return =&gt;  1                                            &lt;match&gt;&#xA;&#xA;&#xA;   UUT Returned control to Driver ...&#xA;&#xA;End of Test Case&#xA;&#xA;&#xA;&#xA;Expected Results matched 100%                         ( 1 / 1 )   PASS&#xA;Test Status                                                       PASS&#xA;&#xA;                     
            </system-out>
        </testcase>

        <testcase name="&amp;.001" classname="GNAT.Ada_Tests_Branch.SIMPLE_ADA_TEST" time="0">
            
            <system-out>
PASS 1 / 1  &#xA;&#xA;Execution Report:&#xA; Start of Test Case:   &amp;.001&#xA;&#xA;----------------------------------------------------------------------&#xA;-----                          Event 1                           -----&#xA;----------------------------------------------------------------------&#xA;   Calling UUT: MANAGER&#xA;     Subprogram: &amp;&#xA;       X (in    ) =&gt;  1&#xA;       Y (in    ) =&gt;  1&#xA;       return =&gt;  0&#xA;&#xA;&#xA;----------------------------------------------------------------------&#xA;-----                          Event 2                           -----&#xA;----------------------------------------------------------------------&#xA;   Returned from UUT: MANAGER&#xA;     Subprogram: &amp;&#xA;       X (in    ) =&gt;  1&#xA;       Y (in    ) =&gt;  1&#xA;       return =&gt;  1                                            &lt;match&gt;&#xA;&#xA;&#xA;   UUT Returned control to Driver ...&#xA;&#xA;End of Test Case&#xA;&#xA;&#xA;&#xA;Expected Results matched 100%                         ( 1 / 1 )   PASS&#xA;Test Status                                                       PASS&#xA;&#xA;                     
            </system-out>
        </testcase>
   </testsuite>

    <testsuite errors="3" tests="7" failures="0" name="SIMPLE_ADA_TEST" id="1">

        <testcase name="&lt;&lt;COMPOUND&gt;&gt;.001" classname="GNAT.Ada_Tests_FailedNoEV.SIMPLE_ADA_TEST" time="0">
            
            <failure type="failure"/>

            <system-out>
FAIL 1 / 2  &#xA;&#xA;Execution Report:&#xA; Start of Test Case:   &lt;&lt;COMPOUND&gt;&gt;.001&#xA;&#xA;----------------------------------------------------------------------&#xA;-----                          Event 1                           -----&#xA;----------------------------------------------------------------------&#xA;----- &lt;&lt;COMPOUND&gt;&gt;.001 Slot 1 (PLACE_ORDER.Steak.EV) Iteration 1 -----&#xA;----------------------------------------------------------------------&#xA;   Calling UUT: MANAGER&#xA;     Subprogram: PLACE_ORDER&#xA;       TABLE (in    ) =&gt;  1&#xA;       SEAT (in    ) =&gt;  1&#xA;       ORDER (in out)&#xA;         ENTREE =&gt; STEAK&#xA;&#xA;&#xA;----------------------------------------------------------------------&#xA;-----                          Event 2                           -----&#xA;----------------------------------------------------------------------&#xA;   Stub called: DATABASE&#xA;     Subprogram: GET_TABLE_RECORD&#xA;&#xA;&#xA;----------------------------------------------------------------------&#xA;-----                          Event 3                           -----&#xA;----------------------------------------------------------------------&#xA;   Stub called: DATABASE&#xA;     Subprogram: UPDATE_TABLE_RECORD&#xA;       DATA (in    )&#xA;         CHECK_TOTAL =&gt;  14                                    &lt;match&gt;&#xA;&#xA;&#xA;----------------------------------------------------------------------&#xA;-----                          Event 4                           -----&#xA;----------------------------------------------------------------------&#xA;   Returned from UUT: MANAGER&#xA;     Subprogram: PLACE_ORDER&#xA;       TABLE (in    ) =&gt;  1&#xA;       SEAT (in    ) =&gt;  1&#xA;       ORDER (in out)&#xA;         ENTREE =&gt; STEAK&#xA;&#xA;&#xA;&#xA;----------------------------------------------------------------------&#xA;-----                          Event 5                           -----&#xA;----------------------------------------------------------------------&#xA;-----&lt;&lt;COMPOUND&gt;&gt;.001 Slot 2 (PLACE_ORDER.Steak.NoEV) Iteration 1-----&#xA;----------------------------------------------------------------------&#xA;   Calling UUT: MANAGER&#xA;     Subprogram: PLACE_ORDER&#xA;       TABLE (in    ) =&gt;  1&#xA;       SEAT (in    ) =&gt;  1&#xA;       ORDER (in out)&#xA;         ENTREE =&gt; STEAK&#xA;&#xA;&#xA;----------------------------------------------------------------------&#xA;-----                          Event 6                           -----&#xA;----------------------------------------------------------------------&#xA;   Stub called: DATABASE&#xA;     Subprogram: GET_TABLE_RECORD&#xA;&#xA;&#xA;----------------------------------------------------------------------&#xA;-----                          Event 7                           -----&#xA;----------------------------------------------------------------------&#xA;   Stub called: DATABASE&#xA;     Subprogram: UPDATE_TABLE_RECORD&#xA;&#xA;&#xA;----------------------------------------------------------------------&#xA;-----                          Event 8                           -----&#xA;----------------------------------------------------------------------&#xA;   Returned from UUT: MANAGER&#xA;     Subprogram: PLACE_ORDER&#xA;       TABLE (in    ) =&gt;  1&#xA;       SEAT (in    ) =&gt;  1&#xA;       ORDER (in out)&#xA;         ENTREE =&gt; STEAK&#xA;&#xA;&#xA;&#xA;----------------------------------------------------------------------&#xA;-----                          Event 9                           -----&#xA;----------------------------------------------------------------------&#xA;----- &lt;&lt;COMPOUND&gt;&gt;.001 Slot 3 (PLACE_ORDER.Steak.CF) Iteration 1 -----&#xA;----------------------------------------------------------------------&#xA;   Calling UUT: MANAGER&#xA;     Subprogram: PLACE_ORDER&#xA;       TABLE (in    ) =&gt;  1&#xA;       SEAT (in    ) =&gt;  1&#xA;       ORDER (in out)&#xA;         ENTREE =&gt; STEAK&#xA;&#xA;&#xA;----------------------------------------------------------------------&#xA;-----                          Event 10                          -----&#xA;----------------------------------------------------------------------&#xA;   Stub called: DATABASE&#xA;     Subprogram: GET_TABLE_RECORD&#xA;&#xA;&#xA;----------------------------------------------------------------------&#xA;-----                          Event 11                          -----&#xA;----------------------------------------------------------------------&#xA;   Stub called: DATABASE&#xA;     Subprogram: UPDATE_TABLE_RECORD&#xA;&#xA;&#xA;----------------------------------------------------------------------&#xA;-----                          Event 12                          -----&#xA;----------------------------------------------------------------------&#xA;   Returned from UUT: MANAGER&#xA;     Subprogram: PLACE_ORDER&#xA;       TABLE (in    ) =&gt;  1&#xA;       SEAT (in    ) =&gt;  1&#xA;       ORDER (in out)&#xA;         ENTREE =&gt; STEAK&#xA;&#xA;&#xA;&#xA;----------------------------------------------------------------------&#xA;-----                          Event 13                          -----&#xA;----------------------------------------------------------------------&#xA;-----&lt;&lt;COMPOUND&gt;&gt;.001 Slot 4 (PLACE_ORDER.Steak.BadEV) Iteration 1-----&#xA;----------------------------------------------------------------------&#xA;   Calling UUT: MANAGER&#xA;     Subprogram: PLACE_ORDER&#xA;       TABLE (in    ) =&gt;  1&#xA;       SEAT (in    ) =&gt;  1&#xA;       ORDER (in out)&#xA;         ENTREE =&gt; STEAK&#xA;&#xA;&#xA;----------------------------------------------------------------------&#xA;-----                          Event 14                          -----&#xA;----------------------------------------------------------------------&#xA;   Stub called: DATABASE&#xA;     Subprogram: GET_TABLE_RECORD&#xA;&#xA;&#xA;----------------------------------------------------------------------&#xA;-----                          Event 15                          -----&#xA;----------------------------------------------------------------------&#xA;   Stub called: DATABASE&#xA;     Subprogram: UPDATE_TABLE_RECORD&#xA;       DATA (in    )&#xA;         CHECK_TOTAL =&gt;  14                                       [15]&#xA;&#xA;&#xA;----------------------------------------------------------------------&#xA;-----                          Event 16                          -----&#xA;----------------------------------------------------------------------&#xA;   Returned from UUT: MANAGER&#xA;     Subprogram: PLACE_ORDER&#xA;       TABLE (in    ) =&gt;  1&#xA;       SEAT (in    ) =&gt;  1&#xA;       ORDER (in out)&#xA;         ENTREE =&gt; STEAK&#xA;&#xA;&#xA;&#xA;----------------------------------------------------------------------&#xA;-----                          Event 17                          -----&#xA;----------------------------------------------------------------------&#xA;-----&lt;&lt;COMPOUND&gt;&gt;.001 Slot 5 (PLACE_ORDER.Steak.BadCF) Iteration 1-----&#xA;----------------------------------------------------------------------&#xA;   Calling UUT: MANAGER&#xA;     Subprogram: PLACE_ORDER&#xA;       TABLE (in    ) =&gt;  1&#xA;       SEAT (in    ) =&gt;  1&#xA;       ORDER (in out)&#xA;         ENTREE =&gt; STEAK&#xA;&#xA;&#xA;----------------------------------------------------------------------&#xA;-----                          Event 18                          -----&#xA;----------------------------------------------------------------------&#xA;   Stub called: DATABASE&#xA;     Subprogram: GET_TABLE_RECORD&#xA;&#xA;&#xA;----------------------------------------------------------------------&#xA;-----                          Event 19                          -----&#xA;----------------------------------------------------------------------&#xA;   Stub called: DATABASE&#xA;     Subprogram: UPDATE_TABLE_RECORD&#xA;&#xA;&#xA;----------------------------------------------------------------------&#xA;-----                          Event 20                          -----&#xA;----------------------------------------------------------------------&#xA;   Returned from UUT: MANAGER&#xA;     Subprogram: PLACE_ORDER&#xA;       TABLE (in    ) =&gt;  1&#xA;       SEAT (in    ) =&gt;  1&#xA;       ORDER (in out)&#xA;         ENTREE =&gt; STEAK&#xA;&#xA;&#xA;   UUT Returned control to Driver ...&#xA;&#xA;End of Test Case&#xA;&#xA;&#xA;&#xA;Expected Results matched 50%                          ( 1 / 2 )   FAIL&#xA;Test Status                                                       FAIL&#xA;&#xA;                     
            </system-out>
        </testcase>

        <testcase name="&lt;&lt;COMPOUND&gt;&gt;.002" classname="GNAT.Ada_Tests_FailedNoEV.SIMPLE_ADA_TEST" time="0">
            
            <system-out>
PASS 1 / 1  &#xA;&#xA;Execution Report:&#xA; Start of Test Case:   &lt;&lt;COMPOUND&gt;&gt;.002&#xA;&#xA;----------------------------------------------------------------------&#xA;-----                          Event 1                           -----&#xA;----------------------------------------------------------------------&#xA;----- &lt;&lt;COMPOUND&gt;&gt;.002 Slot 1 (PLACE_ORDER.Steak.EV) Iteration 1 -----&#xA;----------------------------------------------------------------------&#xA;   Calling UUT: MANAGER&#xA;     Subprogram: PLACE_ORDER&#xA;       TABLE (in    ) =&gt;  1&#xA;       SEAT (in    ) =&gt;  1&#xA;       ORDER (in out)&#xA;         ENTREE =&gt; STEAK&#xA;&#xA;&#xA;----------------------------------------------------------------------&#xA;-----                          Event 2                           -----&#xA;----------------------------------------------------------------------&#xA;   Stub called: DATABASE&#xA;     Subprogram: GET_TABLE_RECORD&#xA;&#xA;&#xA;----------------------------------------------------------------------&#xA;-----                          Event 3                           -----&#xA;----------------------------------------------------------------------&#xA;   Stub called: DATABASE&#xA;     Subprogram: UPDATE_TABLE_RECORD&#xA;       DATA (in    )&#xA;         CHECK_TOTAL =&gt;  14                                    &lt;match&gt;&#xA;&#xA;&#xA;----------------------------------------------------------------------&#xA;-----                          Event 4                           -----&#xA;----------------------------------------------------------------------&#xA;   Returned from UUT: MANAGER&#xA;     Subprogram: PLACE_ORDER&#xA;       TABLE (in    ) =&gt;  1&#xA;       SEAT (in    ) =&gt;  1&#xA;       ORDER (in out)&#xA;         ENTREE =&gt; STEAK&#xA;&#xA;&#xA;&#xA;----------------------------------------------------------------------&#xA;-----                          Event 5                           -----&#xA;----------------------------------------------------------------------&#xA;----- &lt;&lt;COMPOUND&gt;&gt;.002 Slot 2 (PLACE_ORDER.Steak.CF) Iteration 1 -----&#xA;----------------------------------------------------------------------&#xA;   Calling UUT: MANAGER&#xA;     Subprogram: PLACE_ORDER&#xA;       TABLE (in    ) =&gt;  1&#xA;       SEAT (in    ) =&gt;  1&#xA;       ORDER (in out)&#xA;         ENTREE =&gt; STEAK&#xA;&#xA;&#xA;----------------------------------------------------------------------&#xA;-----                          Event 6                           -----&#xA;----------------------------------------------------------------------&#xA;   Stub called: DATABASE&#xA;     Subprogram: GET_TABLE_RECORD&#xA;&#xA;&#xA;----------------------------------------------------------------------&#xA;-----                          Event 7                           -----&#xA;----------------------------------------------------------------------&#xA;   Stub called: DATABASE&#xA;     Subprogram: UPDATE_TABLE_RECORD&#xA;&#xA;&#xA;----------------------------------------------------------------------&#xA;-----                          Event 8                           -----&#xA;----------------------------------------------------------------------&#xA;   Returned from UUT: MANAGER&#xA;     Subprogram: PLACE_ORDER&#xA;       TABLE (in    ) =&gt;  1&#xA;       SEAT (in    ) =&gt;  1&#xA;       ORDER (in out)&#xA;         ENTREE =&gt; STEAK&#xA;&#xA;&#xA;   UUT Returned control to Driver ...&#xA;&#xA;End of Test Case&#xA;&#xA;&#xA;&#xA;Expected Results matched 100%                         ( 1 / 1 )   PASS&#xA;Test Status                                                       PASS&#xA;&#xA;                     
            </system-out>
        </testcase>

        <testcase name="&lt;&lt;INIT&gt;&gt;.001" classname="GNAT.Ada_Tests_FailedNoEV.SIMPLE_ADA_TEST" time="0">
            
            <failure type="failure"/>

            <system-out>
FAIL 0 / 0  &#xA;&#xA;Execution Report:&#xA; Start of Test Case:   &lt;&lt;INIT&gt;&gt;.001&#xA;&#xA;                     
            </system-out>
        </testcase>

        <testcase name="PLACE_ORDER.Steak.BadCF" classname="GNAT.Ada_Tests_FailedNoEV.SIMPLE_ADA_TEST" time="0">
            
            <failure type="failure"/>

            <system-out>
FAIL 0 / 0  &#xA;&#xA;Execution Report:&#xA; Start of Test Case:   PLACE_ORDER.Steak.BadCF&#xA;&#xA;                     
            </system-out>
        </testcase>

        <testcase name="PLACE_ORDER.Steak.BadEV" classname="GNAT.Ada_Tests_FailedNoEV.SIMPLE_ADA_TEST" time="0">
            
            <failure type="failure"/>

            <system-out>
FAIL 0 / 1  &#xA;&#xA;Execution Report:&#xA; Start of Test Case:   PLACE_ORDER.Steak.BadEV&#xA;&#xA;----------------------------------------------------------------------&#xA;-----                          Event 1                           -----&#xA;----------------------------------------------------------------------&#xA;   Calling UUT: MANAGER&#xA;     Subprogram: PLACE_ORDER&#xA;       TABLE (in    ) =&gt;  1&#xA;       SEAT (in    ) =&gt;  1&#xA;       ORDER (in out)&#xA;         ENTREE =&gt; STEAK&#xA;&#xA;&#xA;----------------------------------------------------------------------&#xA;-----                          Event 2                           -----&#xA;----------------------------------------------------------------------&#xA;   Stub called: DATABASE&#xA;     Subprogram: GET_TABLE_RECORD&#xA;&#xA;&#xA;----------------------------------------------------------------------&#xA;-----                          Event 3                           -----&#xA;----------------------------------------------------------------------&#xA;   Stub called: DATABASE&#xA;     Subprogram: UPDATE_TABLE_RECORD&#xA;       DATA (in    )&#xA;         CHECK_TOTAL =&gt;  14                                       [15]&#xA;&#xA;&#xA;----------------------------------------------------------------------&#xA;-----                          Event 4                           -----&#xA;----------------------------------------------------------------------&#xA;   Returned from UUT: MANAGER&#xA;     Subprogram: PLACE_ORDER&#xA;       TABLE (in    ) =&gt;  1&#xA;       SEAT (in    ) =&gt;  1&#xA;       ORDER (in out)&#xA;         ENTREE =&gt; STEAK&#xA;&#xA;&#xA;   UUT Returned control to Driver ...&#xA;&#xA;End of Test Case&#xA;&#xA;&#xA;&#xA;Expected Results matched 0%                           ( 0 / 1 )   FAIL&#xA;Test Status                                                       FAIL&#xA;&#xA;                     
            </system-out>
        </testcase>

        <testcase name="PLACE_ORDER.Steak.CF" classname="GNAT.Ada_Tests_FailedNoEV.SIMPLE_ADA_TEST" time="0">
            
            <failure type="failure"/>

            <system-out>
FAIL 0 / 0  &#xA;&#xA;Execution Report:&#xA; Start of Test Case:   PLACE_ORDER.Steak.CF&#xA;&#xA;                     
            </system-out>
        </testcase>

        <testcase name="PLACE_ORDER.Steak.EV" classname="GNAT.Ada_Tests_FailedNoEV.SIMPLE_ADA_TEST" time="0">
            
            <system-out>
PASS 1 / 1  &#xA;&#xA;Execution Report:&#xA; Start of Test Case:   PLACE_ORDER.Steak.EV&#xA;&#xA;----------------------------------------------------------------------&#xA;-----                          Event 1                           -----&#xA;----------------------------------------------------------------------&#xA;   Calling UUT: MANAGER&#xA;     Subprogram: PLACE_ORDER&#xA;       TABLE (in    ) =&gt;  1&#xA;       SEAT (in    ) =&gt;  1&#xA;       ORDER (in out)&#xA;         ENTREE =&gt; STEAK&#xA;&#xA;&#xA;----------------------------------------------------------------------&#xA;-----                          Event 2                           -----&#xA;----------------------------------------------------------------------&#xA;   Stub called: DATABASE&#xA;     Subprogram: GET_TABLE_RECORD&#xA;&#xA;&#xA;----------------------------------------------------------------------&#xA;-----                          Event 3                           -----&#xA;----------------------------------------------------------------------&#xA;   Stub called: DATABASE&#xA;     Subprogram: UPDATE_TABLE_RECORD&#xA;       DATA (in    )&#xA;         CHECK_TOTAL =&gt;  14                                    &lt;match&gt;&#xA;&#xA;&#xA;----------------------------------------------------------------------&#xA;-----                          Event 4                           -----&#xA;----------------------------------------------------------------------&#xA;   Returned from UUT: MANAGER&#xA;     Subprogram: PLACE_ORDER&#xA;       TABLE (in    ) =&gt;  1&#xA;       SEAT (in    ) =&gt;  1&#xA;       ORDER (in out)&#xA;         ENTREE =&gt; STEAK&#xA;&#xA;&#xA;   UUT Returned control to Driver ...&#xA;&#xA;End of Test Case&#xA;&#xA;&#xA;&#xA;Expected Results matched 100%                         ( 1 / 1 )   PASS&#xA;Test Status                                                       PASS&#xA;&#xA;                     
            </system-out>
        </testcase>

        <testcase name="PLACE_ORDER.Steak.NoEV" classname="GNAT.Ada_Tests_FailedNoEV.SIMPLE_ADA_TEST" time="0">
            
            <failure type="failure"/>

            <system-out>
FAIL 0 / 0  &#xA;&#xA;Execution Report:&#xA; Start of Test Case:   PLACE_ORDER.Steak.NoEV&#xA;&#xA;                     
            </system-out>
        </testcase>

        <testcase name="+.001" classname="GNAT.Ada_Tests_FailedNoEV.SIMPLE_ADA_TEST" time="0">
            
            <system-out>
PASS 1 / 1  &#xA;&#xA;Execution Report:&#xA; Start of Test Case:   +.001&#xA;&#xA;----------------------------------------------------------------------&#xA;-----                          Event 1                           -----&#xA;----------------------------------------------------------------------&#xA;   Calling UUT: MANAGER&#xA;     Subprogram: -&#xA;       X (in    ) =&gt;  1&#xA;       Y (in    ) =&gt;  2&#xA;       return =&gt;  0&#xA;&#xA;&#xA;----------------------------------------------------------------------&#xA;-----                          Event 2                           -----&#xA;----------------------------------------------------------------------&#xA;   Returned from UUT: MANAGER&#xA;     Subprogram: -&#xA;       X (in    ) =&gt;  1&#xA;       Y (in    ) =&gt;  2&#xA;       return =&gt;  1                                            &lt;match&gt;&#xA;&#xA;&#xA;   UUT Returned control to Driver ...&#xA;&#xA;End of Test Case&#xA;&#xA;&#xA;&#xA;Expected Results matched 100%                         ( 1 / 1 )   PASS&#xA;Test Status                                                       PASS&#xA;&#xA;                     
            </system-out>
        </testcase>

        <testcase name="&amp;.001" classname="GNAT.Ada_Tests_FailedNoEV.SIMPLE_ADA_TEST" time="0">
            
            <system-out>
PASS 1 / 1  &#xA;&#xA;Execution Report:&#xA; Start of Test Case:   &amp;.001&#xA;&#xA;----------------------------------------------------------------------&#xA;-----                          Event 1                           -----&#xA;----------------------------------------------------------------------&#xA;   Calling UUT: MANAGER&#xA;     Subprogram: &amp;&#xA;       X (in    ) =&gt;  1&#xA;       Y (in    ) =&gt;  1&#xA;       return =&gt;  0&#xA;&#xA;&#xA;----------------------------------------------------------------------&#xA;-----                          Event 2                           -----&#xA;----------------------------------------------------------------------&#xA;   Returned from UUT: MANAGER&#xA;     Subprogram: &amp;&#xA;       X (in    ) =&gt;  1&#xA;       Y (in    ) =&gt;  1&#xA;       return =&gt;  1                                            &lt;match&gt;&#xA;&#xA;&#xA;   UUT Returned control to Driver ...&#xA;&#xA;End of Test Case&#xA;&#xA;&#xA;&#xA;Expected Results matched 100%                         ( 1 / 1 )   PASS&#xA;Test Status                                                       PASS&#xA;&#xA;                     
            </system-out>
        </testcase>
   </testsuite>

    <testsuite errors="0" tests="7" failures="0" name="SIMPLE_ADA_TEST" id="1">

        <testcase name="&lt;&lt;COMPOUND&gt;&gt;.001" classname="GNAT.Ada_Tests_MCDC.SIMPLE_ADA_TEST" time="0">
            
            <failure type="failure"/>

            <system-out>
FAIL 1 / 2  &#xA;&#xA;Execution Report:&#xA; Start of Test Case:   &lt;&lt;COMPOUND&gt;&gt;.001&#xA;&#xA;----------------------------------------------------------------------&#xA;-----                          Event 1                           -----&#xA;----------------------------------------------------------------------&#xA;----- &lt;&lt;COMPOUND&gt;&gt;.001 Slot 1 (PLACE_ORDER.Steak.EV) Iteration 1 -----&#xA;----------------------------------------------------------------------&#xA;   Calling UUT: MANAGER&#xA;     Subprogram: PLACE_ORDER&#xA;       TABLE (in    ) =&gt;  1&#xA;       SEAT (in    ) =&gt;  1&#xA;       ORDER (in out)&#xA;         ENTREE =&gt; STEAK&#xA;&#xA;&#xA;----------------------------------------------------------------------&#xA;-----                          Event 2                           -----&#xA;----------------------------------------------------------------------&#xA;   Stub called: DATABASE&#xA;     Subprogram: GET_TABLE_RECORD&#xA;&#xA;&#xA;----------------------------------------------------------------------&#xA;-----                          Event 3                           -----&#xA;----------------------------------------------------------------------&#xA;   Stub called: DATABASE&#xA;     Subprogram: UPDATE_TABLE_RECORD&#xA;       DATA (in    )&#xA;         CHECK_TOTAL =&gt;  14                                    &lt;match&gt;&#xA;&#xA;&#xA;----------------------------------------------------------------------&#xA;-----                          Event 4                           -----&#xA;----------------------------------------------------------------------&#xA;   Returned from UUT: MANAGER&#xA;     Subprogram: PLACE_ORDER&#xA;       TABLE (in    ) =&gt;  1&#xA;       SEAT (in    ) =&gt;  1&#xA;       ORDER (in out)&#xA;         ENTREE =&gt; STEAK&#xA;&#xA;&#xA;&#xA;----------------------------------------------------------------------&#xA;-----                          Event 5                           -----&#xA;----------------------------------------------------------------------&#xA;-----&lt;&lt;COMPOUND&gt;&gt;.001 Slot 2 (PLACE_ORDER.Steak.NoEV) Iteration 1-----&#xA;----------------------------------------------------------------------&#xA;   Calling UUT: MANAGER&#xA;     Subprogram: PLACE_ORDER&#xA;       TABLE (in    ) =&gt;  1&#xA;       SEAT (in    ) =&gt;  1&#xA;       ORDER (in out)&#xA;         ENTREE =&gt; STEAK&#xA;&#xA;&#xA;----------------------------------------------------------------------&#xA;-----                          Event 6                           -----&#xA;----------------------------------------------------------------------&#xA;   Stub called: DATABASE&#xA;     Subprogram: GET_TABLE_RECORD&#xA;&#xA;&#xA;----------------------------------------------------------------------&#xA;-----                          Event 7                           -----&#xA;----------------------------------------------------------------------&#xA;   Stub called: DATABASE&#xA;     Subprogram: UPDATE_TABLE_RECORD&#xA;&#xA;&#xA;----------------------------------------------------------------------&#xA;-----                          Event 8                           -----&#xA;----------------------------------------------------------------------&#xA;   Returned from UUT: MANAGER&#xA;     Subprogram: PLACE_ORDER&#xA;       TABLE (in    ) =&gt;  1&#xA;       SEAT (in    ) =&gt;  1&#xA;       ORDER (in out)&#xA;         ENTREE =&gt; STEAK&#xA;&#xA;&#xA;&#xA;----------------------------------------------------------------------&#xA;-----                          Event 9                           -----&#xA;----------------------------------------------------------------------&#xA;----- &lt;&lt;COMPOUND&gt;&gt;.001 Slot 3 (PLACE_ORDER.Steak.CF) Iteration 1 -----&#xA;----------------------------------------------------------------------&#xA;   Calling UUT: MANAGER&#xA;     Subprogram: PLACE_ORDER&#xA;       TABLE (in    ) =&gt;  1&#xA;       SEAT (in    ) =&gt;  1&#xA;       ORDER (in out)&#xA;         ENTREE =&gt; STEAK&#xA;&#xA;&#xA;----------------------------------------------------------------------&#xA;-----                          Event 10                          -----&#xA;----------------------------------------------------------------------&#xA;   Stub called: DATABASE&#xA;     Subprogram: GET_TABLE_RECORD&#xA;&#xA;&#xA;----------------------------------------------------------------------&#xA;-----                          Event 11                          -----&#xA;----------------------------------------------------------------------&#xA;   Stub called: DATABASE&#xA;     Subprogram: UPDATE_TABLE_RECORD&#xA;&#xA;&#xA;----------------------------------------------------------------------&#xA;-----                          Event 12                          -----&#xA;----------------------------------------------------------------------&#xA;   Returned from UUT: MANAGER&#xA;     Subprogram: PLACE_ORDER&#xA;       TABLE (in    ) =&gt;  1&#xA;       SEAT (in    ) =&gt;  1&#xA;       ORDER (in out)&#xA;         ENTREE =&gt; STEAK&#xA;&#xA;&#xA;&#xA;----------------------------------------------------------------------&#xA;-----                          Event 13                          -----&#xA;----------------------------------------------------------------------&#xA;-----&lt;&lt;COMPOUND&gt;&gt;.001 Slot 4 (PLACE_ORDER.Steak.BadEV) Iteration 1-----&#xA;----------------------------------------------------------------------&#xA;   Calling UUT: MANAGER&#xA;     Subprogram: PLACE_ORDER&#xA;       TABLE (in    ) =&gt;  1&#xA;       SEAT (in    ) =&gt;  1&#xA;       ORDER (in out)&#xA;         ENTREE =&gt; STEAK&#xA;&#xA;&#xA;----------------------------------------------------------------------&#xA;-----                          Event 14                          -----&#xA;----------------------------------------------------------------------&#xA;   Stub called: DATABASE&#xA;     Subprogram: GET_TABLE_RECORD&#xA;&#xA;&#xA;----------------------------------------------------------------------&#xA;-----                          Event 15                          -----&#xA;----------------------------------------------------------------------&#xA;   Stub called: DATABASE&#xA;     Subprogram: UPDATE_TABLE_RECORD&#xA;       DATA (in    )&#xA;         CHECK_TOTAL =&gt;  14                                       [15]&#xA;&#xA;&#xA;----------------------------------------------------------------------&#xA;-----                          Event 16                          -----&#xA;----------------------------------------------------------------------&#xA;   Returned from UUT: MANAGER&#xA;     Subprogram: PLACE_ORDER&#xA;       TABLE (in    ) =&gt;  1&#xA;       SEAT (in    ) =&gt;  1&#xA;       ORDER (in out)&#xA;         ENTREE =&gt; STEAK&#xA;&#xA;&#xA;&#xA;----------------------------------------------------------------------&#xA;-----                          Event 17                          -----&#xA;----------------------------------------------------------------------&#xA;-----&lt;&lt;COMPOUND&gt;&gt;.001 Slot 5 (PLACE_ORDER.Steak.BadCF) Iteration 1-----&#xA;----------------------------------------------------------------------&#xA;   Calling UUT: MANAGER&#xA;     Subprogram: PLACE_ORDER&#xA;       TABLE (in    ) =&gt;  1&#xA;       SEAT (in    ) =&gt;  1&#xA;       ORDER (in out)&#xA;         ENTREE =&gt; STEAK&#xA;&#xA;&#xA;----------------------------------------------------------------------&#xA;-----                          Event 18                          -----&#xA;----------------------------------------------------------------------&#xA;   Stub called: DATABASE&#xA;     Subprogram: GET_TABLE_RECORD&#xA;&#xA;&#xA;----------------------------------------------------------------------&#xA;-----                          Event 19                          -----&#xA;----------------------------------------------------------------------&#xA;   Stub called: DATABASE&#xA;     Subprogram: UPDATE_TABLE_RECORD&#xA;&#xA;&#xA;----------------------------------------------------------------------&#xA;-----                          Event 20                          -----&#xA;----------------------------------------------------------------------&#xA;   Returned from UUT: MANAGER&#xA;     Subprogram: PLACE_ORDER&#xA;       TABLE (in    ) =&gt;  1&#xA;       SEAT (in    ) =&gt;  1&#xA;       ORDER (in out)&#xA;         ENTREE =&gt; STEAK&#xA;&#xA;&#xA;   UUT Returned control to Driver ...&#xA;&#xA;End of Test Case&#xA;&#xA;&#xA;&#xA;Expected Results matched 50%                          ( 1 / 2 )   FAIL&#xA;Test Status                                                       FAIL&#xA;&#xA;                     
            </system-out>
        </testcase>

        <testcase name="&lt;&lt;COMPOUND&gt;&gt;.002" classname="GNAT.Ada_Tests_MCDC.SIMPLE_ADA_TEST" time="0">
            
            <system-out>
PASS 1 / 1  &#xA;&#xA;Execution Report:&#xA; Start of Test Case:   &lt;&lt;COMPOUND&gt;&gt;.002&#xA;&#xA;----------------------------------------------------------------------&#xA;-----                          Event 1                           -----&#xA;----------------------------------------------------------------------&#xA;----- &lt;&lt;COMPOUND&gt;&gt;.002 Slot 1 (PLACE_ORDER.Steak.EV) Iteration 1 -----&#xA;----------------------------------------------------------------------&#xA;   Calling UUT: MANAGER&#xA;     Subprogram: PLACE_ORDER&#xA;       TABLE (in    ) =&gt;  1&#xA;       SEAT (in    ) =&gt;  1&#xA;       ORDER (in out)&#xA;         ENTREE =&gt; STEAK&#xA;&#xA;&#xA;----------------------------------------------------------------------&#xA;-----                          Event 2                           -----&#xA;----------------------------------------------------------------------&#xA;   Stub called: DATABASE&#xA;     Subprogram: GET_TABLE_RECORD&#xA;&#xA;&#xA;----------------------------------------------------------------------&#xA;-----                          Event 3                           -----&#xA;----------------------------------------------------------------------&#xA;   Stub called: DATABASE&#xA;     Subprogram: UPDATE_TABLE_RECORD&#xA;       DATA (in    )&#xA;         CHECK_TOTAL =&gt;  14                                    &lt;match&gt;&#xA;&#xA;&#xA;----------------------------------------------------------------------&#xA;-----                          Event 4                           -----&#xA;----------------------------------------------------------------------&#xA;   Returned from UUT: MANAGER&#xA;     Subprogram: PLACE_ORDER&#xA;       TABLE (in    ) =&gt;  1&#xA;       SEAT (in    ) =&gt;  1&#xA;       ORDER (in out)&#xA;         ENTREE =&gt; STEAK&#xA;&#xA;&#xA;&#xA;----------------------------------------------------------------------&#xA;-----                          Event 5                           -----&#xA;----------------------------------------------------------------------&#xA;----- &lt;&lt;COMPOUND&gt;&gt;.002 Slot 2 (PLACE_ORDER.Steak.CF) Iteration 1 -----&#xA;----------------------------------------------------------------------&#xA;   Calling UUT: MANAGER&#xA;     Subprogram: PLACE_ORDER&#xA;       TABLE (in    ) =&gt;  1&#xA;       SEAT (in    ) =&gt;  1&#xA;       ORDER (in out)&#xA;         ENTREE =&gt; STEAK&#xA;&#xA;&#xA;----------------------------------------------------------------------&#xA;-----                          Event 6                           -----&#xA;----------------------------------------------------------------------&#xA;   Stub called: DATABASE&#xA;     Subprogram: GET_TABLE_RECORD&#xA;&#xA;&#xA;----------------------------------------------------------------------&#xA;-----                          Event 7                           -----&#xA;----------------------------------------------------------------------&#xA;   Stub called: DATABASE&#xA;     Subprogram: UPDATE_TABLE_RECORD&#xA;&#xA;&#xA;----------------------------------------------------------------------&#xA;-----                          Event 8                           -----&#xA;----------------------------------------------------------------------&#xA;   Returned from UUT: MANAGER&#xA;     Subprogram: PLACE_ORDER&#xA;       TABLE (in    ) =&gt;  1&#xA;       SEAT (in    ) =&gt;  1&#xA;       ORDER (in out)&#xA;         ENTREE =&gt; STEAK&#xA;&#xA;&#xA;   UUT Returned control to Driver ...&#xA;&#xA;End of Test Case&#xA;&#xA;&#xA;&#xA;Expected Results matched 100%                         ( 1 / 1 )   PASS&#xA;Test Status                                                       PASS&#xA;&#xA;                     
            </system-out>
        </testcase>

        <testcase name="&lt;&lt;INIT&gt;&gt;.001" classname="GNAT.Ada_Tests_MCDC.SIMPLE_ADA_TEST" time="0">
            
            <system-out>
PASS 0 / 0  &#xA;&#xA;Execution Report:&#xA; Start of Test Case:   &lt;&lt;INIT&gt;&gt;.001&#xA;&#xA;----------------------------------------------------------------------&#xA;-----                          Event 1                           -----&#xA;----------------------------------------------------------------------&#xA;   Calling UUT: MANAGER&#xA;     Subprogram: &lt;&lt;INIT&gt;&gt;&#xA;&#xA;&#xA;----------------------------------------------------------------------&#xA;-----                          Event 2                           -----&#xA;----------------------------------------------------------------------&#xA;   Returned from UUT: MANAGER&#xA;     Subprogram: &lt;&lt;INIT&gt;&gt;&#xA;&#xA;&#xA;   UUT Returned control to Driver ...&#xA;&#xA;End of Test Case&#xA;&#xA;&#xA;&#xA;Test Status                                                       PASS&#xA;&#xA;                     
            </system-out>
        </testcase>

        <testcase name="PLACE_ORDER.Steak.BadCF" classname="GNAT.Ada_Tests_MCDC.SIMPLE_ADA_TEST" time="0">
            
            <failure type="failure"/>

            <system-out>
FAIL 0 / 0  &#xA;&#xA;Execution Report:&#xA; Start of Test Case:   PLACE_ORDER.Steak.BadCF&#xA;&#xA;----------------------------------------------------------------------&#xA;-----                          Event 1                           -----&#xA;----------------------------------------------------------------------&#xA;   Calling UUT: MANAGER&#xA;     Subprogram: PLACE_ORDER&#xA;       TABLE (in    ) =&gt;  1&#xA;       SEAT (in    ) =&gt;  1&#xA;       ORDER (in out)&#xA;         ENTREE =&gt; STEAK&#xA;   CONTROL FLOW =&gt;                                             &lt;match&gt;&#xA;&#xA;&#xA;----------------------------------------------------------------------&#xA;-----                          Event 2                           -----&#xA;----------------------------------------------------------------------&#xA;   Stub called: DATABASE&#xA;     Subprogram: GET_TABLE_RECORD&#xA;   CONTROL FLOW =&gt;                    [ MANAGER.ADD_INCLUDED_DESSERT ]&#xA;&#xA;&#xA;----------------------------------------------------------------------&#xA;-----                          Event 3                           -----&#xA;----------------------------------------------------------------------&#xA;   Stub called: DATABASE&#xA;     Subprogram: UPDATE_TABLE_RECORD&#xA;   CONTROL FLOW =&gt;                       [ DATABASE.GET_TABLE_RECORD ]&#xA;&#xA;&#xA;----------------------------------------------------------------------&#xA;-----                          Event 4                           -----&#xA;----------------------------------------------------------------------&#xA;   Returned from UUT: MANAGER&#xA;     Subprogram: PLACE_ORDER&#xA;       TABLE (in    ) =&gt;  1&#xA;       SEAT (in    ) =&gt;  1&#xA;       ORDER (in out)&#xA;         ENTREE =&gt; STEAK&#xA;   CONTROL FLOW =&gt;                    [ DATABASE.UPDATE_TABLE_RECORD ]&#xA;&#xA;&#xA;   UUT Returned control to Driver ...&#xA;&#xA;End of Test Case&#xA;&#xA;&#xA;----------------------------------------------------------------------&#xA;-----                Missing Control Flow Events                 -----&#xA;----------------------------------------------------------------------&#xA;--------------------------------------------------------------------------------&#xA;Missing Event&#xA;--------------------------------------------------------------------------------&#xA;MANAGER.PLACE_ORDER&#xA;&#xA;&#xA;&#xA;&#xA;Control Flow                                          ( 1 / 5 )   FAIL&#xA;Test Status                                                       FAIL&#xA;&#xA;                     
            </system-out>
        </testcase>

        <testcase name="PLACE_ORDER.Steak.BadEV" classname="GNAT.Ada_Tests_MCDC.SIMPLE_ADA_TEST" time="0">
            
            <failure type="failure"/>

            <system-out>
FAIL 0 / 1  &#xA;&#xA;Execution Report:&#xA; Start of Test Case:   PLACE_ORDER.Steak.BadEV&#xA;&#xA;----------------------------------------------------------------------&#xA;-----                          Event 1                           -----&#xA;----------------------------------------------------------------------&#xA;   Calling UUT: MANAGER&#xA;     Subprogram: PLACE_ORDER&#xA;       TABLE (in    ) =&gt;  1&#xA;       SEAT (in    ) =&gt;  1&#xA;       ORDER (in out)&#xA;         ENTREE =&gt; STEAK&#xA;&#xA;&#xA;----------------------------------------------------------------------&#xA;-----                          Event 2                           -----&#xA;----------------------------------------------------------------------&#xA;   Stub called: DATABASE&#xA;     Subprogram: GET_TABLE_RECORD&#xA;&#xA;&#xA;----------------------------------------------------------------------&#xA;-----                          Event 3                           -----&#xA;----------------------------------------------------------------------&#xA;   Stub called: DATABASE&#xA;     Subprogram: UPDATE_TABLE_RECORD&#xA;       DATA (in    )&#xA;         CHECK_TOTAL =&gt;  14                                       [15]&#xA;&#xA;&#xA;----------------------------------------------------------------------&#xA;-----                          Event 4                           -----&#xA;----------------------------------------------------------------------&#xA;   Returned from UUT: MANAGER&#xA;     Subprogram: PLACE_ORDER&#xA;       TABLE (in    ) =&gt;  1&#xA;       SEAT (in    ) =&gt;  1&#xA;       ORDER (in out)&#xA;         ENTREE =&gt; STEAK&#xA;&#xA;&#xA;   UUT Returned control to Driver ...&#xA;&#xA;End of Test Case&#xA;&#xA;&#xA;&#xA;Expected Results matched 0%                           ( 0 / 1 )   FAIL&#xA;Test Status                                                       FAIL&#xA;&#xA;                     
            </system-out>
        </testcase>

        <testcase name="PLACE_ORDER.Steak.CF" classname="GNAT.Ada_Tests_MCDC.SIMPLE_ADA_TEST" time="0">
            
            <system-out>
PASS 0 / 0  &#xA;&#xA;Execution Report:&#xA; Start of Test Case:   PLACE_ORDER.Steak.CF&#xA;&#xA;----------------------------------------------------------------------&#xA;-----                          Event 1                           -----&#xA;----------------------------------------------------------------------&#xA;   Calling UUT: MANAGER&#xA;     Subprogram: PLACE_ORDER&#xA;       TABLE (in    ) =&gt;  1&#xA;       SEAT (in    ) =&gt;  1&#xA;       ORDER (in out)&#xA;         ENTREE =&gt; STEAK&#xA;   CONTROL FLOW =&gt;                                             &lt;match&gt;&#xA;&#xA;&#xA;----------------------------------------------------------------------&#xA;-----                          Event 2                           -----&#xA;----------------------------------------------------------------------&#xA;   Stub called: DATABASE&#xA;     Subprogram: GET_TABLE_RECORD&#xA;   CONTROL FLOW =&gt;                                             &lt;match&gt;&#xA;&#xA;&#xA;----------------------------------------------------------------------&#xA;-----                          Event 3                           -----&#xA;----------------------------------------------------------------------&#xA;   Stub called: DATABASE&#xA;     Subprogram: UPDATE_TABLE_RECORD&#xA;   CONTROL FLOW =&gt;                                             &lt;match&gt;&#xA;&#xA;&#xA;----------------------------------------------------------------------&#xA;-----                          Event 4                           -----&#xA;----------------------------------------------------------------------&#xA;   Returned from UUT: MANAGER&#xA;     Subprogram: PLACE_ORDER&#xA;       TABLE (in    ) =&gt;  1&#xA;       SEAT (in    ) =&gt;  1&#xA;       ORDER (in out)&#xA;         ENTREE =&gt; STEAK&#xA;   CONTROL FLOW =&gt;                                             &lt;match&gt;&#xA;&#xA;&#xA;   UUT Returned control to Driver ...&#xA;&#xA;End of Test Case&#xA;&#xA;&#xA;&#xA;Control Flow                                          ( 4 / 4 )   PASS&#xA;Test Status                                                       PASS&#xA;&#xA;                     
            </system-out>
        </testcase>

        <testcase name="PLACE_ORDER.Steak.EV" classname="GNAT.Ada_Tests_MCDC.SIMPLE_ADA_TEST" time="0">
            
            <system-out>
PASS 1 / 1  &#xA;&#xA;Execution Report:&#xA; Start of Test Case:   PLACE_ORDER.Steak.EV&#xA;&#xA;----------------------------------------------------------------------&#xA;-----                          Event 1                           -----&#xA;----------------------------------------------------------------------&#xA;   Calling UUT: MANAGER&#xA;     Subprogram: PLACE_ORDER&#xA;       TABLE (in    ) =&gt;  1&#xA;       SEAT (in    ) =&gt;  1&#xA;       ORDER (in out)&#xA;         ENTREE =&gt; STEAK&#xA;&#xA;&#xA;----------------------------------------------------------------------&#xA;-----                          Event 2                           -----&#xA;----------------------------------------------------------------------&#xA;   Stub called: DATABASE&#xA;     Subprogram: GET_TABLE_RECORD&#xA;&#xA;&#xA;----------------------------------------------------------------------&#xA;-----                          Event 3                           -----&#xA;----------------------------------------------------------------------&#xA;   Stub called: DATABASE&#xA;     Subprogram: UPDATE_TABLE_RECORD&#xA;       DATA (in    )&#xA;         CHECK_TOTAL =&gt;  14                                    &lt;match&gt;&#xA;&#xA;&#xA;----------------------------------------------------------------------&#xA;-----                          Event 4                           -----&#xA;----------------------------------------------------------------------&#xA;   Returned from UUT: MANAGER&#xA;     Subprogram: PLACE_ORDER&#xA;       TABLE (in    ) =&gt;  1&#xA;       SEAT (in    ) =&gt;  1&#xA;       ORDER (in out)&#xA;         ENTREE =&gt; STEAK&#xA;&#xA;&#xA;   UUT Returned control to Driver ...&#xA;&#xA;End of Test Case&#xA;&#xA;&#xA;&#xA;Expected Results matched 100%                         ( 1 / 1 )   PASS&#xA;Test Status                                                       PASS&#xA;&#xA;                     
            </system-out>
        </testcase>

        <testcase name="PLACE_ORDER.Steak.NoEV" classname="GNAT.Ada_Tests_MCDC.SIMPLE_ADA_TEST" time="0">
            
            <system-out>
PASS 0 / 0  &#xA;&#xA;Execution Report:&#xA; Start of Test Case:   PLACE_ORDER.Steak.NoEV&#xA;&#xA;----------------------------------------------------------------------&#xA;-----                          Event 1                           -----&#xA;----------------------------------------------------------------------&#xA;   Calling UUT: MANAGER&#xA;     Subprogram: PLACE_ORDER&#xA;       TABLE (in    ) =&gt;  1&#xA;       SEAT (in    ) =&gt;  1&#xA;       ORDER (in out)&#xA;         ENTREE =&gt; STEAK&#xA;&#xA;&#xA;----------------------------------------------------------------------&#xA;-----                          Event 2                           -----&#xA;----------------------------------------------------------------------&#xA;   Stub called: DATABASE&#xA;     Subprogram: GET_TABLE_RECORD&#xA;&#xA;&#xA;----------------------------------------------------------------------&#xA;-----                          Event 3                           -----&#xA;----------------------------------------------------------------------&#xA;   Stub called: DATABASE&#xA;     Subprogram: UPDATE_TABLE_RECORD&#xA;&#xA;&#xA;----------------------------------------------------------------------&#xA;-----                          Event 4                           -----&#xA;----------------------------------------------------------------------&#xA;   Returned from UUT: MANAGER&#xA;     Subprogram: PLACE_ORDER&#xA;       TABLE (in    ) =&gt;  1&#xA;       SEAT (in    ) =&gt;  1&#xA;       ORDER (in out)&#xA;         ENTREE =&gt; STEAK&#xA;&#xA;&#xA;   UUT Returned control to Driver ...&#xA;&#xA;End of Test Case&#xA;&#xA;&#xA;&#xA;Test Status                                                       PASS&#xA;&#xA;                     
            </system-out>
        </testcase>

        <testcase name="+.001" classname="GNAT.Ada_Tests_MCDC.SIMPLE_ADA_TEST" time="0">
            
            <system-out>
PASS 1 / 1  &#xA;&#xA;Execution Report:&#xA; Start of Test Case:   +.001&#xA;&#xA;----------------------------------------------------------------------&#xA;-----                          Event 1                           -----&#xA;----------------------------------------------------------------------&#xA;   Calling UUT: MANAGER&#xA;     Subprogram: -&#xA;       X (in    ) =&gt;  1&#xA;       Y (in    ) =&gt;  2&#xA;       return =&gt;  0&#xA;&#xA;&#xA;----------------------------------------------------------------------&#xA;-----                          Event 2                           -----&#xA;----------------------------------------------------------------------&#xA;   Returned from UUT: MANAGER&#xA;     Subprogram: -&#xA;       X (in    ) =&gt;  1&#xA;       Y (in    ) =&gt;  2&#xA;       return =&gt;  1                                            &lt;match&gt;&#xA;&#xA;&#xA;   UUT Returned control to Driver ...&#xA;&#xA;End of Test Case&#xA;&#xA;&#xA;&#xA;Expected Results matched 100%                         ( 1 / 1 )   PASS&#xA;Test Status                                                       PASS&#xA;&#xA;                     
            </system-out>
        </testcase>

        <testcase name="&amp;.001" classname="GNAT.Ada_Tests_MCDC.SIMPLE_ADA_TEST" time="0">
            
            <system-out>
PASS 1 / 1  &#xA;&#xA;Execution Report:&#xA; Start of Test Case:   &amp;.001&#xA;&#xA;----------------------------------------------------------------------&#xA;-----                          Event 1                           -----&#xA;----------------------------------------------------------------------&#xA;   Calling UUT: MANAGER&#xA;     Subprogram: &amp;&#xA;       X (in    ) =&gt;  1&#xA;       Y (in    ) =&gt;  1&#xA;       return =&gt;  0&#xA;&#xA;&#xA;----------------------------------------------------------------------&#xA;-----                          Event 2                           -----&#xA;----------------------------------------------------------------------&#xA;   Returned from UUT: MANAGER&#xA;     Subprogram: &amp;&#xA;       X (in    ) =&gt;  1&#xA;       Y (in    ) =&gt;  1&#xA;       return =&gt;  1                                            &lt;match&gt;&#xA;&#xA;&#xA;   UUT Returned control to Driver ...&#xA;&#xA;End of Test Case&#xA;&#xA;&#xA;&#xA;Expected Results matched 100%                         ( 1 / 1 )   PASS&#xA;Test Status                                                       PASS&#xA;&#xA;                     
            </system-out>
        </testcase>
   </testsuite>

    <testsuite errors="0" tests="7" failures="0" name="SIMPLE_ADA_TEST" id="1">

        <testcase name="&lt;&lt;COMPOUND&gt;&gt;.001" classname="GNAT.Ada_Tests_StatementBranch.SIMPLE_ADA_TEST" time="0">
            
            <failure type="failure"/>

            <system-out>
FAIL 1 / 2  &#xA;&#xA;Execution Report:&#xA; Start of Test Case:   &lt;&lt;COMPOUND&gt;&gt;.001&#xA;&#xA;----------------------------------------------------------------------&#xA;-----                          Event 1                           -----&#xA;----------------------------------------------------------------------&#xA;----- &lt;&lt;COMPOUND&gt;&gt;.001 Slot 1 (PLACE_ORDER.Steak.EV) Iteration 1 -----&#xA;----------------------------------------------------------------------&#xA;   Calling UUT: MANAGER&#xA;     Subprogram: PLACE_ORDER&#xA;       TABLE (in    ) =&gt;  1&#xA;       SEAT (in    ) =&gt;  1&#xA;       ORDER (in out)&#xA;         ENTREE =&gt; STEAK&#xA;&#xA;&#xA;----------------------------------------------------------------------&#xA;-----                          Event 2                           -----&#xA;----------------------------------------------------------------------&#xA;   Stub called: DATABASE&#xA;     Subprogram: GET_TABLE_RECORD&#xA;&#xA;&#xA;----------------------------------------------------------------------&#xA;-----                          Event 3                           -----&#xA;----------------------------------------------------------------------&#xA;   Stub called: DATABASE&#xA;     Subprogram: UPDATE_TABLE_RECORD&#xA;       DATA (in    )&#xA;         CHECK_TOTAL =&gt;  14                                    &lt;match&gt;&#xA;&#xA;&#xA;----------------------------------------------------------------------&#xA;-----                          Event 4                           -----&#xA;----------------------------------------------------------------------&#xA;   Returned from UUT: MANAGER&#xA;     Subprogram: PLACE_ORDER&#xA;       TABLE (in    ) =&gt;  1&#xA;       SEAT (in    ) =&gt;  1&#xA;       ORDER (in out)&#xA;         ENTREE =&gt; STEAK&#xA;&#xA;&#xA;&#xA;----------------------------------------------------------------------&#xA;-----                          Event 5                           -----&#xA;----------------------------------------------------------------------&#xA;-----&lt;&lt;COMPOUND&gt;&gt;.001 Slot 2 (PLACE_
[...]
 &#xA;           CheckTotal =&gt; 14                                    &lt;match&gt;&#xA;&#xA;&#xA;----------------------------------------------------------------------&#xA;-----                          Event 6                           -----&#xA;----------------------------------------------------------------------&#xA;   Returned from UUT: manager.cpp&#xA;     Subprogram: (cl)Manager::PlaceOrder&#xA;       Table =&gt; 1&#xA;       Seat =&gt; 1&#xA;       Order&#xA;         Entree =&gt; Steak&#xA;&#xA;&#xA;&#xA;----------------------------------------------------------------------&#xA;-----                          Event 7                           -----&#xA;----------------------------------------------------------------------&#xA;-----&lt;&lt;COMPOUND&gt;&gt;.002 Slot 2 ((cl)Manager::PlaceOrder.Steak.CF) Iteration 1-----&#xA;----------------------------------------------------------------------&#xA;   Calling UUT: manager.cpp&#xA;     Subprogram: (cl)Manager::PlaceOrder&#xA;       Table =&gt; 1&#xA;       Seat =&gt; 1&#xA;       Order&#xA;         Entree =&gt; Steak&#xA;&#xA;&#xA;----------------------------------------------------------------------&#xA;-----                          Event 8                           -----&#xA;----------------------------------------------------------------------&#xA;   Stub called: database.h&#xA;     Subprogram: DataBase::GetTableRecord&#xA;&#xA;&#xA;----------------------------------------------------------------------&#xA;-----                          Event 9                           -----&#xA;----------------------------------------------------------------------&#xA;   Stub called: database.h&#xA;     Subprogram: DataBase::UpdateTableRecord&#xA;&#xA;&#xA;----------------------------------------------------------------------&#xA;-----                          Event 10                          -----&#xA;----------------------------------------------------------------------&#xA;   Returned from UUT: manager.cpp&#xA;     Subprogram: (cl)Manager::PlaceOrder&#xA;       Table =&gt; 1&#xA;       Seat =&gt; 1&#xA;       Order&#xA;         Entree =&gt; Steak&#xA;&#xA;&#xA;   UUT Returned control to Driver ...&#xA;&#xA;End of Test Case&#xA;&#xA;&#xA;&#xA;Expected Results matched 100%                         ( 1 / 1 )   PASS&#xA;Test Status                                                       PASS&#xA;&#xA;                     
            </system-out>
        </testcase>

        <testcase name="&lt;&lt;INIT&gt;&gt;.001" classname="VectorCAST_MinGW_C++.Test_NoCoverage.SIMPLE_TEST" time="0">
            
            <system-out>
PASS 0 / 0  &#xA;&#xA;Execution Report:&#xA; Start of Test Case:   &lt;&lt;INIT&gt;&gt;.001&#xA;&#xA;----------------------------------------------------------------------&#xA;-----                          Event 1                           -----&#xA;----------------------------------------------------------------------&#xA;   Calling UUT: manager.cpp&#xA;     Subprogram: &lt;&lt;INIT&gt;&gt;&#xA;&#xA;&#xA;----------------------------------------------------------------------&#xA;-----                          Event 2                           -----&#xA;----------------------------------------------------------------------&#xA;   Returned from UUT: manager.cpp&#xA;     Subprogram: &lt;&lt;INIT&gt;&gt;&#xA;&#xA;---------------------------- Global Data -----------------------------&#xA;&#xA;   UNIT: manager.cpp&#xA;     Globals:&#xA;       (cl)Manager&#xA;         Manager&#xA;&#xA;&#xA;   UUT Returned control to Driver ...&#xA;&#xA;End of Test Case&#xA;&#xA;&#xA;&#xA;Test Status                                                       PASS&#xA;&#xA;                     
            </system-out>
        </testcase>

        <testcase name="(cl)Manager::PlaceOrder.Steak.BadCF" classname="VectorCAST_MinGW_C++.Test_NoCoverage.SIMPLE_TEST" time="0">
            
            <failure type="failure"/>

            <system-out>
FAIL 0 / 0  &#xA;&#xA;Execution Report:&#xA; Start of Test Case:   (cl)Manager::PlaceOrder.Steak.BadCF&#xA;Automatic Initialization Test Case: &lt;&lt;INIT&gt;&gt;.001&#xA;&#xA;----------------------------------------------------------------------&#xA;-----                          Event 1                           -----&#xA;----------------------------------------------------------------------&#xA;   Calling UUT: manager.cpp&#xA;     Subprogram: &lt;&lt;INIT&gt;&gt;&#xA;   CONTROL FLOW =&gt;             [ manager.cpp.(cl)Manager::PlaceOrder ]&#xA;&#xA;&#xA;----------------------------------------------------------------------&#xA;-----                          Event 2                           -----&#xA;----------------------------------------------------------------------&#xA;   Returned from UUT: manager.cpp&#xA;     Subprogram: &lt;&lt;INIT&gt;&gt;&#xA;&#xA;---------------------------- Global Data -----------------------------&#xA;&#xA;   UNIT: manager.cpp&#xA;     Globals:&#xA;       (cl)Manager&#xA;         Manager&#xA;   CONTROL FLOW =&gt;    [ uut_prototype_stubs.DataBase::GetTableRecord ]&#xA;&#xA;End of Automatic Initialization Test Case: &lt;&lt;INIT&gt;&gt;.001&#xA;&#xA;&#xA;&#xA;----------------------------------------------------------------------&#xA;-----                          Event 3                           -----&#xA;----------------------------------------------------------------------&#xA;   Calling UUT: manager.cpp&#xA;     Subprogram: (cl)Manager::PlaceOrder&#xA;       Table =&gt; 1&#xA;       Seat =&gt; 1&#xA;       Order&#xA;         Entree =&gt; Steak&#xA;   CONTROL FLOW =&gt;     [ manager.cpp.(cl)Manager::AddIncludedDessert ]&#xA;&#xA;&#xA;----------------------------------------------------------------------&#xA;-----                          Event 4                           -----&#xA;----------------------------------------------------------------------&#xA;   Stub called: database.h&#xA;     Subprogram: DataBase::GetTableRecord&#xA;   CONTROL FLOW =&gt;&#xA;                   [ uut_prototype_stubs.DataBase::UpdateTableRecord ]&#xA;&#xA;&#xA;----------------------------------------------------------------------&#xA;-----                          Event 5                           -----&#xA;----------------------------------------------------------------------&#xA;   Stub called: database.h&#xA;     Subprogram: DataBase::UpdateTableRecord&#xA;   CONTROL FLOW =&gt;             [ manager.cpp.(cl)Manager::PlaceOrder ]&#xA;&#xA;&#xA;----------------------------------------------------------------------&#xA;-----                          Event 6                           -----&#xA;----------------------------------------------------------------------&#xA;   Returned from UUT: manager.cpp&#xA;     Subprogram: (cl)Manager::PlaceOrder&#xA;       Table =&gt; 1&#xA;       Seat =&gt; 1&#xA;       Order&#xA;         Entree =&gt; Steak&#xA;   CONTROL FLOW =&gt;                                   [ (extra event) ]&#xA;&#xA;&#xA;   UUT Returned control to Driver ...&#xA;&#xA;End of Test Case&#xA;&#xA;&#xA;&#xA;Control Flow                                          ( 0 / 6 )   FAIL&#xA;Test Status                                                       FAIL&#xA;&#xA;                     
            </system-out>
        </testcase>

        <testcase name="(cl)Manager::PlaceOrder.Steak.BadEV" classname="VectorCAST_MinGW_C++.Test_NoCoverage.SIMPLE_TEST" time="0">
            
            <failure type="failure"/>

            <system-out>
FAIL 0 / 1  &#xA;&#xA;Execution Report:&#xA; Start of Test Case:   (cl)Manager::PlaceOrder.Steak.BadEV&#xA;Automatic Initialization Test Case: &lt;&lt;INIT&gt;&gt;.001&#xA;&#xA;----------------------------------------------------------------------&#xA;-----                          Event 1                           -----&#xA;----------------------------------------------------------------------&#xA;   Calling UUT: manager.cpp&#xA;     Subprogram: &lt;&lt;INIT&gt;&gt;&#xA;&#xA;&#xA;----------------------------------------------------------------------&#xA;-----                          Event 2                           -----&#xA;----------------------------------------------------------------------&#xA;   Returned from UUT: manager.cpp&#xA;     Subprogram: &lt;&lt;INIT&gt;&gt;&#xA;&#xA;---------------------------- Global Data -----------------------------&#xA;&#xA;   UNIT: manager.cpp&#xA;     Globals:&#xA;       (cl)Manager&#xA;         Manager&#xA;&#xA;End of Automatic Initialization Test Case: &lt;&lt;INIT&gt;&gt;.001&#xA;&#xA;&#xA;&#xA;----------------------------------------------------------------------&#xA;-----                          Event 3                           -----&#xA;----------------------------------------------------------------------&#xA;   Calling UUT: manager.cpp&#xA;     Subprogram: (cl)Manager::PlaceOrder&#xA;       Table =&gt; 1&#xA;       Seat =&gt; 1&#xA;       Order&#xA;         Entree =&gt; Steak&#xA;&#xA;&#xA;----------------------------------------------------------------------&#xA;-----                          Event 4                           -----&#xA;----------------------------------------------------------------------&#xA;   Stub called: database.h&#xA;     Subprogram: DataBase::GetTableRecord&#xA;&#xA;&#xA;----------------------------------------------------------------------&#xA;-----                          Event 5                           -----&#xA;----------------------------------------------------------------------&#xA;   Stub called: database.h&#xA;     Subprogram: DataBase::UpdateTableRecord&#xA;       Data&#xA;         [0] &#xA;           CheckTotal =&gt; 14                                       [15]&#xA;&#xA;&#xA;----------------------------------------------------------------------&#xA;-----                          Event 6                           -----&#xA;----------------------------------------------------------------------&#xA;   Returned from UUT: manager.cpp&#xA;     Subprogram: (cl)Manager::PlaceOrder&#xA;       Table =&gt; 1&#xA;       Seat =&gt; 1&#xA;       Order&#xA;         Entree =&gt; Steak&#xA;&#xA;&#xA;   UUT Returned control to Driver ...&#xA;&#xA;End of Test Case&#xA;&#xA;&#xA;&#xA;Expected Results matched 0%                           ( 0 / 1 )   FAIL&#xA;Test Status                                                       FAIL&#xA;&#xA;                     
            </system-out>
        </testcase>

        <testcase name="(cl)Manager::PlaceOrder.Steak.CF" classname="VectorCAST_MinGW_C++.Test_NoCoverage.SIMPLE_TEST" time="0">
            
            <system-out>
PASS 0 / 0  &#xA;&#xA;Execution Report:&#xA; Start of Test Case:   (cl)Manager::PlaceOrder.Steak.CF&#xA;Automatic Initialization Test Case: &lt;&lt;INIT&gt;&gt;.001&#xA;&#xA;----------------------------------------------------------------------&#xA;-----                          Event 1                           -----&#xA;----------------------------------------------------------------------&#xA;   Calling UUT: manager.cpp&#xA;     Subprogram: &lt;&lt;INIT&gt;&gt;&#xA;   CONTROL FLOW =&gt;                                             &lt;match&gt;&#xA;&#xA;&#xA;----------------------------------------------------------------------&#xA;-----                          Event 2                           -----&#xA;----------------------------------------------------------------------&#xA;   Returned from UUT: manager.cpp&#xA;     Subprogram: &lt;&lt;INIT&gt;&gt;&#xA;&#xA;---------------------------- Global Data -----------------------------&#xA;&#xA;   UNIT: manager.cpp&#xA;     Globals:&#xA;       (cl)Manager&#xA;         Manager&#xA;   CONTROL FLOW =&gt;                                             &lt;match&gt;&#xA;&#xA;End of Automatic Initialization Test Case: &lt;&lt;INIT&gt;&gt;.001&#xA;&#xA;&#xA;&#xA;----------------------------------------------------------------------&#xA;-----                          Event 3                           -----&#xA;----------------------------------------------------------------------&#xA;   Calling UUT: manager.cpp&#xA;     Subprogram: (cl)Manager::PlaceOrder&#xA;       Table =&gt; 1&#xA;       Seat =&gt; 1&#xA;       Order&#xA;         Entree =&gt; Steak&#xA;   CONTROL FLOW =&gt;                                             &lt;match&gt;&#xA;&#xA;&#xA;----------------------------------------------------------------------&#xA;-----                          Event 4                           -----&#xA;----------------------------------------------------------------------&#xA;   Stub called: database.h&#xA;     Subprogram: DataBase::GetTableRecord&#xA;   CONTROL FLOW =&gt;                                             &lt;match&gt;&#xA;&#xA;&#xA;----------------------------------------------------------------------&#xA;-----                          Event 5                           -----&#xA;----------------------------------------------------------------------&#xA;   Stub called: database.h&#xA;     Subprogram: DataBase::UpdateTableRecord&#xA;   CONTROL FLOW =&gt;                                             &lt;match&gt;&#xA;&#xA;&#xA;----------------------------------------------------------------------&#xA;-----                          Event 6                           -----&#xA;----------------------------------------------------------------------&#xA;   Returned from UUT: manager.cpp&#xA;     Subprogram: (cl)Manager::PlaceOrder&#xA;       Table =&gt; 1&#xA;       Seat =&gt; 1&#xA;       Order&#xA;         Entree =&gt; Steak&#xA;   CONTROL FLOW =&gt;                                             &lt;match&gt;&#xA;&#xA;&#xA;   UUT Returned control to Driver ...&#xA;&#xA;End of Test Case&#xA;&#xA;&#xA;&#xA;Control Flow                                          ( 6 / 6 )   PASS&#xA;Test Status                                                       PASS&#xA;&#xA;                     
            </system-out>
        </testcase>

        <testcase name="(cl)Manager::PlaceOrder.Steak.EV" classname="VectorCAST_MinGW_C++.Test_NoCoverage.SIMPLE_TEST" time="0">
            
            <system-out>
PASS 1 / 1  &#xA;&#xA;Execution Report:&#xA; Start of Test Case:   (cl)Manager::PlaceOrder.Steak.EV&#xA;Automatic Initialization Test Case: &lt;&lt;INIT&gt;&gt;.001&#xA;&#xA;----------------------------------------------------------------------&#xA;-----                          Event 1                           -----&#xA;----------------------------------------------------------------------&#xA;   Calling UUT: manager.cpp&#xA;     Subprogram: &lt;&lt;INIT&gt;&gt;&#xA;&#xA;&#xA;----------------------------------------------------------------------&#xA;-----                          Event 2                           -----&#xA;----------------------------------------------------------------------&#xA;   Returned from UUT: manager.cpp&#xA;     Subprogram: &lt;&lt;INIT&gt;&gt;&#xA;&#xA;---------------------------- Global Data -----------------------------&#xA;&#xA;   UNIT: manager.cpp&#xA;     Globals:&#xA;       (cl)Manager&#xA;         Manager&#xA;&#xA;End of Automatic Initialization Test Case: &lt;&lt;INIT&gt;&gt;.001&#xA;&#xA;&#xA;&#xA;----------------------------------------------------------------------&#xA;-----                          Event 3                           -----&#xA;----------------------------------------------------------------------&#xA;   Calling UUT: manager.cpp&#xA;     Subprogram: (cl)Manager::PlaceOrder&#xA;       Table =&gt; 1&#xA;       Seat =&gt; 1&#xA;       Order&#xA;         Entree =&gt; Steak&#xA;&#xA;&#xA;----------------------------------------------------------------------&#xA;-----                          Event 4                           -----&#xA;----------------------------------------------------------------------&#xA;   Stub called: database.h&#xA;     Subprogram: DataBase::GetTableRecord&#xA;&#xA;&#xA;----------------------------------------------------------------------&#xA;-----                          Event 5                           -----&#xA;----------------------------------------------------------------------&#xA;   Stub called: database.h&#xA;     Subprogram: DataBase::UpdateTableRecord&#xA;       Data&#xA;         [0] &#xA;           CheckTotal =&gt; 14                                    &lt;match&gt;&#xA;&#xA;&#xA;----------------------------------------------------------------------&#xA;-----                          Event 6                           -----&#xA;----------------------------------------------------------------------&#xA;   Returned from UUT: manager.cpp&#xA;     Subprogram: (cl)Manager::PlaceOrder&#xA;       Table =&gt; 1&#xA;       Seat =&gt; 1&#xA;       Order&#xA;         Entree =&gt; Steak&#xA;&#xA;&#xA;   UUT Returned control to Driver ...&#xA;&#xA;End of Test Case&#xA;&#xA;&#xA;&#xA;Expected Results matched 100%                         ( 1 / 1 )   PASS&#xA;Test Status                                                       PASS&#xA;&#xA;                     
            </system-out>
        </testcase>

        <testcase name="(cl)Manager::PlaceOrder.Steak.NoEV" classname="VectorCAST_MinGW_C++.Test_NoCoverage.SIMPLE_TEST" time="0">
            
            <system-out>
PASS 0 / 0  &#xA;&#xA;Execution Report:&#xA; Start of Test Case:   (cl)Manager::PlaceOrder.Steak.NoEV&#xA;Automatic Initialization Test Case: &lt;&lt;INIT&gt;&gt;.001&#xA;&#xA;----------------------------------------------------------------------&#xA;-----                          Event 1                           -----&#xA;----------------------------------------------------------------------&#xA;   Calling UUT: manager.cpp&#xA;     Subprogram: &lt;&lt;INIT&gt;&gt;&#xA;&#xA;&#xA;----------------------------------------------------------------------&#xA;-----                          Event 2                           -----&#xA;----------------------------------------------------------------------&#xA;   Returned from UUT: manager.cpp&#xA;     Subprogram: &lt;&lt;INIT&gt;&gt;&#xA;&#xA;---------------------------- Global Data -----------------------------&#xA;&#xA;   UNIT: manager.cpp&#xA;     Globals:&#xA;       (cl)Manager&#xA;         Manager&#xA;&#xA;End of Automatic Initialization Test Case: &lt;&lt;INIT&gt;&gt;.001&#xA;&#xA;&#xA;&#xA;----------------------------------------------------------------------&#xA;-----                          Event 3                           -----&#xA;----------------------------------------------------------------------&#xA;   Calling UUT: manager.cpp&#xA;     Subprogram: (cl)Manager::PlaceOrder&#xA;       Table =&gt; 1&#xA;       Seat =&gt; 1&#xA;       Order&#xA;         Entree =&gt; Steak&#xA;&#xA;&#xA;----------------------------------------------------------------------&#xA;-----                          Event 4                           -----&#xA;----------------------------------------------------------------------&#xA;   Stub called: database.h&#xA;     Subprogram: DataBase::GetTableRecord&#xA;&#xA;&#xA;----------------------------------------------------------------------&#xA;-----                          Event 5                           -----&#xA;----------------------------------------------------------------------&#xA;   Stub called: database.h&#xA;     Subprogram: DataBase::UpdateTableRecord&#xA;&#xA;&#xA;----------------------------------------------------------------------&#xA;-----                          Event 6                           -----&#xA;----------------------------------------------------------------------&#xA;   Returned from UUT: manager.cpp&#xA;     Subprogram: (cl)Manager::PlaceOrder&#xA;       Table =&gt; 1&#xA;       Seat =&gt; 1&#xA;       Order&#xA;         Entree =&gt; Steak&#xA;&#xA;&#xA;   UUT Returned control to Driver ...&#xA;&#xA;End of Test Case&#xA;&#xA;&#xA;&#xA;Test Status                                                       PASS&#xA;&#xA;                     
            </system-out>
        </testcase>
   </testsuite>

    <testsuite errors="0" tests="0" failures="0" name="NO_TEST" id="1">
   </testsuite>


</testsuites>
